<?xml version="1.0" encoding="UTF-8"?>
<testsuite xmlns:xsi="http://www.w3.org/2001/XMLSchema-instance" xsi:noNamespaceSchemaLocation="https://maven.apache.org/surefire/maven-surefire-plugin/xsd/surefire-test-report.xsd" name="com.example.springboot2.Junit5Test" time="0.057" tests="4" errors="0" skipped="0" failures="2">
  <properties>
    <property name="sun.desktop" value="windows"/>
    <property name="awt.toolkit" value="sun.awt.windows.WToolkit"/>
    <property name="file.encoding.pkg" value="sun.io"/>
    <property name="java.specification.version" value="1.8"/>
    <property name="sun.cpu.isalist" value="amd64"/>
    <property name="sun.jnu.encoding" value="GBK"/>
    <property name="java.class.path" value="D:\Java项目\springboot2\target\test-classes;D:\Java项目\springboot2\target\classes;D:\apache-maven仓库\org\springframework\boot\spring-boot-starter-web\2.7.8\spring-boot-starter-web-2.7.8.jar;D:\apache-maven仓库\org\springframework\boot\spring-boot-starter\2.7.8\spring-boot-starter-2.7.8.jar;D:\apache-maven仓库\org\springframework\boot\spring-boot-starter-logging\2.7.8\spring-boot-starter-logging-2.7.8.jar;D:\apache-maven仓库\ch\qos\logback\logback-classic\1.2.11\logback-classic-1.2.11.jar;D:\apache-maven仓库\ch\qos\logback\logback-core\1.2.11\logback-core-1.2.11.jar;D:\apache-maven仓库\org\apache\logging\log4j\log4j-to-slf4j\2.17.2\log4j-to-slf4j-2.17.2.jar;D:\apache-maven仓库\org\apache\logging\log4j\log4j-api\2.17.2\log4j-api-2.17.2.jar;D:\apache-maven仓库\org\slf4j\jul-to-slf4j\1.7.36\jul-to-slf4j-1.7.36.jar;D:\apache-maven仓库\jakarta\annotation\jakarta.annotation-api\1.3.5\jakarta.annotation-api-1.3.5.jar;D:\apache-maven仓库\org\yaml\snakeyaml\1.30\snakeyaml-1.30.jar;D:\apache-maven仓库\org\springframework\boot\spring-boot-starter-json\2.7.8\spring-boot-starter-json-2.7.8.jar;D:\apache-maven仓库\com\fasterxml\jackson\datatype\jackson-datatype-jdk8\2.13.4\jackson-datatype-jdk8-2.13.4.jar;D:\apache-maven仓库\com\fasterxml\jackson\datatype\jackson-datatype-jsr310\2.13.4\jackson-datatype-jsr310-2.13.4.jar;D:\apache-maven仓库\com\fasterxml\jackson\module\jackson-module-parameter-names\2.13.4\jackson-module-parameter-names-2.13.4.jar;D:\apache-maven仓库\org\springframework\boot\spring-boot-starter-tomcat\2.7.8\spring-boot-starter-tomcat-2.7.8.jar;D:\apache-maven仓库\org\apache\tomcat\embed\tomcat-embed-core\9.0.71\tomcat-embed-core-9.0.71.jar;D:\apache-maven仓库\org\apache\tomcat\embed\tomcat-embed-el\9.0.71\tomcat-embed-el-9.0.71.jar;D:\apache-maven仓库\org\apache\tomcat\embed\tomcat-embed-websocket\9.0.71\tomcat-embed-websocket-9.0.71.jar;D:\apache-maven仓库\org\springframework\spring-web\5.3.25\spring-web-5.3.25.jar;D:\apache-maven仓库\org\springframework\spring-beans\5.3.25\spring-beans-5.3.25.jar;D:\apache-maven仓库\org\springframework\spring-webmvc\5.3.25\spring-webmvc-5.3.25.jar;D:\apache-maven仓库\org\springframework\spring-aop\5.3.25\spring-aop-5.3.25.jar;D:\apache-maven仓库\org\springframework\spring-context\5.3.25\spring-context-5.3.25.jar;D:\apache-maven仓库\org\springframework\spring-expression\5.3.25\spring-expression-5.3.25.jar;D:\apache-maven仓库\org\springframework\boot\spring-boot-starter-data-jdbc\2.7.8\spring-boot-starter-data-jdbc-2.7.8.jar;D:\apache-maven仓库\org\springframework\boot\spring-boot-starter-jdbc\2.7.8\spring-boot-starter-jdbc-2.7.8.jar;D:\apache-maven仓库\com\zaxxer\HikariCP\4.0.3\HikariCP-4.0.3.jar;D:\apache-maven仓库\org\springframework\spring-jdbc\5.3.25\spring-jdbc-5.3.25.jar;D:\apache-maven仓库\org\springframework\data\spring-data-jdbc\2.4.7\spring-data-jdbc-2.4.7.jar;D:\apache-maven仓库\org\springframework\data\spring-data-relational\2.4.7\spring-data-relational-2.4.7.jar;D:\apache-maven仓库\org\springframework\data\spring-data-commons\2.7.7\spring-data-commons-2.7.7.jar;D:\apache-maven仓库\org\springframework\spring-tx\5.3.25\spring-tx-5.3.25.jar;D:\apache-maven仓库\mysql\mysql-connector-java\8.0.23\mysql-connector-java-8.0.23.jar;D:\apache-maven仓库\com\google\protobuf\protobuf-java\3.11.4\protobuf-java-3.11.4.jar;D:\apache-maven仓库\com\alibaba\druid-spring-boot-starter\1.1.17\druid-spring-boot-starter-1.1.17.jar;D:\apache-maven仓库\com\alibaba\druid\1.1.17\druid-1.1.17.jar;D:\apache-maven仓库\org\slf4j\slf4j-api\1.7.36\slf4j-api-1.7.36.jar;D:\apache-maven仓库\org\springframework\boot\spring-boot-autoconfigure\2.7.8\spring-boot-autoconfigure-2.7.8.jar;D:\apache-maven仓库\org\mybatis\spring\boot\mybatis-spring-boot-starter\2.1.4\mybatis-spring-boot-starter-2.1.4.jar;D:\apache-maven仓库\org\mybatis\spring\boot\mybatis-spring-boot-autoconfigure\2.1.4\mybatis-spring-boot-autoconfigure-2.1.4.jar;D:\apache-maven仓库\org\mybatis\mybatis\3.5.6\mybatis-3.5.6.jar;D:\apache-maven仓库\org\mybatis\mybatis-spring\2.0.6\mybatis-spring-2.0.6.jar;D:\apache-maven仓库\org\springframework\boot\spring-boot-starter-data-redis\2.7.8\spring-boot-starter-data-redis-2.7.8.jar;D:\apache-maven仓库\org\springframework\data\spring-data-redis\2.7.7\spring-data-redis-2.7.7.jar;D:\apache-maven仓库\org\springframework\data\spring-data-keyvalue\2.7.7\spring-data-keyvalue-2.7.7.jar;D:\apache-maven仓库\org\springframework\spring-oxm\5.3.25\spring-oxm-5.3.25.jar;D:\apache-maven仓库\org\springframework\spring-context-support\5.3.25\spring-context-support-5.3.25.jar;D:\apache-maven仓库\io\lettuce\lettuce-core\6.1.10.RELEASE\lettuce-core-6.1.10.RELEASE.jar;D:\apache-maven仓库\io\netty\netty-common\4.1.87.Final\netty-common-4.1.87.Final.jar;D:\apache-maven仓库\io\netty\netty-handler\4.1.87.Final\netty-handler-4.1.87.Final.jar;D:\apache-maven仓库\io\netty\netty-resolver\4.1.87.Final\netty-resolver-4.1.87.Final.jar;D:\apache-maven仓库\io\netty\netty-buffer\4.1.87.Final\netty-buffer-4.1.87.Final.jar;D:\apache-maven仓库\io\netty\netty-transport-native-unix-common\4.1.87.Final\netty-transport-native-unix-common-4.1.87.Final.jar;D:\apache-maven仓库\io\netty\netty-codec\4.1.87.Final\netty-codec-4.1.87.Final.jar;D:\apache-maven仓库\io\netty\netty-transport\4.1.87.Final\netty-transport-4.1.87.Final.jar;D:\apache-maven仓库\io\projectreactor\reactor-core\3.4.26\reactor-core-3.4.26.jar;D:\apache-maven仓库\org\reactivestreams\reactive-streams\1.0.4\reactive-streams-1.0.4.jar;D:\apache-maven仓库\redis\clients\jedis\3.8.0\jedis-3.8.0.jar;D:\apache-maven仓库\org\apache\commons\commons-pool2\2.11.1\commons-pool2-2.11.1.jar;D:\apache-maven仓库\org\springframework\boot\spring-boot-devtools\2.7.8\spring-boot-devtools-2.7.8.jar;D:\apache-maven仓库\org\springframework\boot\spring-boot\2.7.8\spring-boot-2.7.8.jar;D:\apache-maven仓库\org\springframework\boot\spring-boot-configuration-processor\2.7.8\spring-boot-configuration-processor-2.7.8.jar;D:\apache-maven仓库\org\projectlombok\lombok\1.18.24\lombok-1.18.24.jar;D:\apache-maven仓库\org\springframework\boot\spring-boot-starter-test\2.7.8\spring-boot-starter-test-2.7.8.jar;D:\apache-maven仓库\org\springframework\boot\spring-boot-test\2.7.8\spring-boot-test-2.7.8.jar;D:\apache-maven仓库\org\springframework\boot\spring-boot-test-autoconfigure\2.7.8\spring-boot-test-autoconfigure-2.7.8.jar;D:\apache-maven仓库\com\jayway\jsonpath\json-path\2.7.0\json-path-2.7.0.jar;D:\apache-maven仓库\net\minidev\json-smart\2.4.8\json-smart-2.4.8.jar;D:\apache-maven仓库\net\minidev\accessors-smart\2.4.8\accessors-smart-2.4.8.jar;D:\apache-maven仓库\org\ow2\asm\asm\9.1\asm-9.1.jar;D:\apache-maven仓库\jakarta\xml\bind\jakarta.xml.bind-api\2.3.3\jakarta.xml.bind-api-2.3.3.jar;D:\apache-maven仓库\jakarta\activation\jakarta.activation-api\1.2.2\jakarta.activation-api-1.2.2.jar;D:\apache-maven仓库\org\assertj\assertj-core\3.22.0\assertj-core-3.22.0.jar;D:\apache-maven仓库\org\hamcrest\hamcrest\2.2\hamcrest-2.2.jar;D:\apache-maven仓库\org\junit\jupiter\junit-jupiter\5.8.2\junit-jupiter-5.8.2.jar;D:\apache-maven仓库\org\junit\jupiter\junit-jupiter-api\5.8.2\junit-jupiter-api-5.8.2.jar;D:\apache-maven仓库\org\opentest4j\opentest4j\1.2.0\opentest4j-1.2.0.jar;D:\apache-maven仓库\org\junit\platform\junit-platform-commons\1.8.2\junit-platform-commons-1.8.2.jar;D:\apache-maven仓库\org\apiguardian\apiguardian-api\1.1.2\apiguardian-api-1.1.2.jar;D:\apache-maven仓库\org\junit\jupiter\junit-jupiter-params\5.8.2\junit-jupiter-params-5.8.2.jar;D:\apache-maven仓库\org\junit\jupiter\junit-jupiter-engine\5.8.2\junit-jupiter-engine-5.8.2.jar;D:\apache-maven仓库\org\junit\platform\junit-platform-engine\1.8.2\junit-platform-engine-1.8.2.jar;D:\apache-maven仓库\org\mockito\mockito-core\4.5.1\mockito-core-4.5.1.jar;D:\apache-maven仓库\net\bytebuddy\byte-buddy\1.12.22\byte-buddy-1.12.22.jar;D:\apache-maven仓库\net\bytebuddy\byte-buddy-agent\1.12.22\byte-buddy-agent-1.12.22.jar;D:\apache-maven仓库\org\objenesis\objenesis\3.2\objenesis-3.2.jar;D:\apache-maven仓库\org\mockito\mockito-junit-jupiter\4.5.1\mockito-junit-jupiter-4.5.1.jar;D:\apache-maven仓库\org\skyscreamer\jsonassert\1.5.1\jsonassert-1.5.1.jar;D:\apache-maven仓库\com\vaadin\external\google\android-json\0.0.20131108.vaadin1\android-json-0.0.20131108.vaadin1.jar;D:\apache-maven仓库\org\springframework\spring-core\5.3.25\spring-core-5.3.25.jar;D:\apache-maven仓库\org\springframework\spring-jcl\5.3.25\spring-jcl-5.3.25.jar;D:\apache-maven仓库\org\springframework\spring-test\5.3.25\spring-test-5.3.25.jar;D:\apache-maven仓库\org\xmlunit\xmlunit-core\2.9.1\xmlunit-core-2.9.1.jar;D:\apache-maven仓库\com\fasterxml\jackson\dataformat\jackson-dataformat-xml\2.13.4\jackson-dataformat-xml-2.13.4.jar;D:\apache-maven仓库\com\fasterxml\jackson\core\jackson-core\2.13.4\jackson-core-2.13.4.jar;D:\apache-maven仓库\com\fasterxml\jackson\core\jackson-annotations\2.13.4\jackson-annotations-2.13.4.jar;D:\apache-maven仓库\com\fasterxml\jackson\core\jackson-databind\2.13.4.2\jackson-databind-2.13.4.2.jar;D:\apache-maven仓库\org\codehaus\woodstox\stax2-api\4.2.1\stax2-api-4.2.1.jar;D:\apache-maven仓库\com\fasterxml\woodstox\woodstox-core\6.3.1\woodstox-core-6.3.1.jar;D:\apache-maven仓库\org\springframework\boot\spring-boot-starter-thymeleaf\2.7.8\spring-boot-starter-thymeleaf-2.7.8.jar;D:\apache-maven仓库\org\thymeleaf\thymeleaf-spring5\3.0.15.RELEASE\thymeleaf-spring5-3.0.15.RELEASE.jar;D:\apache-maven仓库\org\thymeleaf\thymeleaf\3.0.15.RELEASE\thymeleaf-3.0.15.RELEASE.jar;D:\apache-maven仓库\org\attoparser\attoparser\2.0.5.RELEASE\attoparser-2.0.5.RELEASE.jar;D:\apache-maven仓库\org\unbescape\unbescape\1.1.6.RELEASE\unbescape-1.1.6.RELEASE.jar;D:\apache-maven仓库\org\thymeleaf\extras\thymeleaf-extras-java8time\3.0.4.RELEASE\thymeleaf-extras-java8time-3.0.4.RELEASE.jar;"/>
    <property name="java.vm.vendor" value="Amazon.com Inc."/>
    <property name="sun.arch.data.model" value="64"/>
    <property name="user.variant" value=""/>
    <property name="java.vendor.url" value="https://aws.amazon.com/corretto/"/>
    <property name="user.timezone" value="Asia/Shanghai"/>
    <property name="java.vm.specification.version" value="1.8"/>
    <property name="os.name" value="Windows 10"/>
    <property name="user.country" value="CN"/>
    <property name="sun.java.launcher" value="SUN_STANDARD"/>
    <property name="sun.boot.library.path" value="C:\Users\流水\.jdks\corretto-1.8.0_322\jre\bin"/>
    <property name="sun.java.command" value="C:\Users\流水\AppData\Local\Temp\surefire8278420380805412747\surefirebooter3591323255035063020.jar C:\Users\流水\AppData\Local\Temp\surefire8278420380805412747 2023-02-17T13-01-08_468-jvmRun1 surefire684360575102454963tmp surefire_09173363194475823512tmp"/>
    <property name="surefire.test.class.path" value="D:\Java项目\springboot2\target\test-classes;D:\Java项目\springboot2\target\classes;D:\apache-maven仓库\org\springframework\boot\spring-boot-starter-web\2.7.8\spring-boot-starter-web-2.7.8.jar;D:\apache-maven仓库\org\springframework\boot\spring-boot-starter\2.7.8\spring-boot-starter-2.7.8.jar;D:\apache-maven仓库\org\springframework\boot\spring-boot-starter-logging\2.7.8\spring-boot-starter-logging-2.7.8.jar;D:\apache-maven仓库\ch\qos\logback\logback-classic\1.2.11\logback-classic-1.2.11.jar;D:\apache-maven仓库\ch\qos\logback\logback-core\1.2.11\logback-core-1.2.11.jar;D:\apache-maven仓库\org\apache\logging\log4j\log4j-to-slf4j\2.17.2\log4j-to-slf4j-2.17.2.jar;D:\apache-maven仓库\org\apache\logging\log4j\log4j-api\2.17.2\log4j-api-2.17.2.jar;D:\apache-maven仓库\org\slf4j\jul-to-slf4j\1.7.36\jul-to-slf4j-1.7.36.jar;D:\apache-maven仓库\jakarta\annotation\jakarta.annotation-api\1.3.5\jakarta.annotation-api-1.3.5.jar;D:\apache-maven仓库\org\yaml\snakeyaml\1.30\snakeyaml-1.30.jar;D:\apache-maven仓库\org\springframework\boot\spring-boot-starter-json\2.7.8\spring-boot-starter-json-2.7.8.jar;D:\apache-maven仓库\com\fasterxml\jackson\datatype\jackson-datatype-jdk8\2.13.4\jackson-datatype-jdk8-2.13.4.jar;D:\apache-maven仓库\com\fasterxml\jackson\datatype\jackson-datatype-jsr310\2.13.4\jackson-datatype-jsr310-2.13.4.jar;D:\apache-maven仓库\com\fasterxml\jackson\module\jackson-module-parameter-names\2.13.4\jackson-module-parameter-names-2.13.4.jar;D:\apache-maven仓库\org\springframework\boot\spring-boot-starter-tomcat\2.7.8\spring-boot-starter-tomcat-2.7.8.jar;D:\apache-maven仓库\org\apache\tomcat\embed\tomcat-embed-core\9.0.71\tomcat-embed-core-9.0.71.jar;D:\apache-maven仓库\org\apache\tomcat\embed\tomcat-embed-el\9.0.71\tomcat-embed-el-9.0.71.jar;D:\apache-maven仓库\org\apache\tomcat\embed\tomcat-embed-websocket\9.0.71\tomcat-embed-websocket-9.0.71.jar;D:\apache-maven仓库\org\springframework\spring-web\5.3.25\spring-web-5.3.25.jar;D:\apache-maven仓库\org\springframework\spring-beans\5.3.25\spring-beans-5.3.25.jar;D:\apache-maven仓库\org\springframework\spring-webmvc\5.3.25\spring-webmvc-5.3.25.jar;D:\apache-maven仓库\org\springframework\spring-aop\5.3.25\spring-aop-5.3.25.jar;D:\apache-maven仓库\org\springframework\spring-context\5.3.25\spring-context-5.3.25.jar;D:\apache-maven仓库\org\springframework\spring-expression\5.3.25\spring-expression-5.3.25.jar;D:\apache-maven仓库\org\springframework\boot\spring-boot-starter-data-jdbc\2.7.8\spring-boot-starter-data-jdbc-2.7.8.jar;D:\apache-maven仓库\org\springframework\boot\spring-boot-starter-jdbc\2.7.8\spring-boot-starter-jdbc-2.7.8.jar;D:\apache-maven仓库\com\zaxxer\HikariCP\4.0.3\HikariCP-4.0.3.jar;D:\apache-maven仓库\org\springframework\spring-jdbc\5.3.25\spring-jdbc-5.3.25.jar;D:\apache-maven仓库\org\springframework\data\spring-data-jdbc\2.4.7\spring-data-jdbc-2.4.7.jar;D:\apache-maven仓库\org\springframework\data\spring-data-relational\2.4.7\spring-data-relational-2.4.7.jar;D:\apache-maven仓库\org\springframework\data\spring-data-commons\2.7.7\spring-data-commons-2.7.7.jar;D:\apache-maven仓库\org\springframework\spring-tx\5.3.25\spring-tx-5.3.25.jar;D:\apache-maven仓库\mysql\mysql-connector-java\8.0.23\mysql-connector-java-8.0.23.jar;D:\apache-maven仓库\com\google\protobuf\protobuf-java\3.11.4\protobuf-java-3.11.4.jar;D:\apache-maven仓库\com\alibaba\druid-spring-boot-starter\1.1.17\druid-spring-boot-starter-1.1.17.jar;D:\apache-maven仓库\com\alibaba\druid\1.1.17\druid-1.1.17.jar;D:\apache-maven仓库\org\slf4j\slf4j-api\1.7.36\slf4j-api-1.7.36.jar;D:\apache-maven仓库\org\springframework\boot\spring-boot-autoconfigure\2.7.8\spring-boot-autoconfigure-2.7.8.jar;D:\apache-maven仓库\org\mybatis\spring\boot\mybatis-spring-boot-starter\2.1.4\mybatis-spring-boot-starter-2.1.4.jar;D:\apache-maven仓库\org\mybatis\spring\boot\mybatis-spring-boot-autoconfigure\2.1.4\mybatis-spring-boot-autoconfigure-2.1.4.jar;D:\apache-maven仓库\org\mybatis\mybatis\3.5.6\mybatis-3.5.6.jar;D:\apache-maven仓库\org\mybatis\mybatis-spring\2.0.6\mybatis-spring-2.0.6.jar;D:\apache-maven仓库\org\springframework\boot\spring-boot-starter-data-redis\2.7.8\spring-boot-starter-data-redis-2.7.8.jar;D:\apache-maven仓库\org\springframework\data\spring-data-redis\2.7.7\spring-data-redis-2.7.7.jar;D:\apache-maven仓库\org\springframework\data\spring-data-keyvalue\2.7.7\spring-data-keyvalue-2.7.7.jar;D:\apache-maven仓库\org\springframework\spring-oxm\5.3.25\spring-oxm-5.3.25.jar;D:\apache-maven仓库\org\springframework\spring-context-support\5.3.25\spring-context-support-5.3.25.jar;D:\apache-maven仓库\io\lettuce\lettuce-core\6.1.10.RELEASE\lettuce-core-6.1.10.RELEASE.jar;D:\apache-maven仓库\io\netty\netty-common\4.1.87.Final\netty-common-4.1.87.Final.jar;D:\apache-maven仓库\io\netty\netty-handler\4.1.87.Final\netty-handler-4.1.87.Final.jar;D:\apache-maven仓库\io\netty\netty-resolver\4.1.87.Final\netty-resolver-4.1.87.Final.jar;D:\apache-maven仓库\io\netty\netty-buffer\4.1.87.Final\netty-buffer-4.1.87.Final.jar;D:\apache-maven仓库\io\netty\netty-transport-native-unix-common\4.1.87.Final\netty-transport-native-unix-common-4.1.87.Final.jar;D:\apache-maven仓库\io\netty\netty-codec\4.1.87.Final\netty-codec-4.1.87.Final.jar;D:\apache-maven仓库\io\netty\netty-transport\4.1.87.Final\netty-transport-4.1.87.Final.jar;D:\apache-maven仓库\io\projectreactor\reactor-core\3.4.26\reactor-core-3.4.26.jar;D:\apache-maven仓库\org\reactivestreams\reactive-streams\1.0.4\reactive-streams-1.0.4.jar;D:\apache-maven仓库\redis\clients\jedis\3.8.0\jedis-3.8.0.jar;D:\apache-maven仓库\org\apache\commons\commons-pool2\2.11.1\commons-pool2-2.11.1.jar;D:\apache-maven仓库\org\springframework\boot\spring-boot-devtools\2.7.8\spring-boot-devtools-2.7.8.jar;D:\apache-maven仓库\org\springframework\boot\spring-boot\2.7.8\spring-boot-2.7.8.jar;D:\apache-maven仓库\org\springframework\boot\spring-boot-configuration-processor\2.7.8\spring-boot-configuration-processor-2.7.8.jar;D:\apache-maven仓库\org\projectlombok\lombok\1.18.24\lombok-1.18.24.jar;D:\apache-maven仓库\org\springframework\boot\spring-boot-starter-test\2.7.8\spring-boot-starter-test-2.7.8.jar;D:\apache-maven仓库\org\springframework\boot\spring-boot-test\2.7.8\spring-boot-test-2.7.8.jar;D:\apache-maven仓库\org\springframework\boot\spring-boot-test-autoconfigure\2.7.8\spring-boot-test-autoconfigure-2.7.8.jar;D:\apache-maven仓库\com\jayway\jsonpath\json-path\2.7.0\json-path-2.7.0.jar;D:\apache-maven仓库\net\minidev\json-smart\2.4.8\json-smart-2.4.8.jar;D:\apache-maven仓库\net\minidev\accessors-smart\2.4.8\accessors-smart-2.4.8.jar;D:\apache-maven仓库\org\ow2\asm\asm\9.1\asm-9.1.jar;D:\apache-maven仓库\jakarta\xml\bind\jakarta.xml.bind-api\2.3.3\jakarta.xml.bind-api-2.3.3.jar;D:\apache-maven仓库\jakarta\activation\jakarta.activation-api\1.2.2\jakarta.activation-api-1.2.2.jar;D:\apache-maven仓库\org\assertj\assertj-core\3.22.0\assertj-core-3.22.0.jar;D:\apache-maven仓库\org\hamcrest\hamcrest\2.2\hamcrest-2.2.jar;D:\apache-maven仓库\org\junit\jupiter\junit-jupiter\5.8.2\junit-jupiter-5.8.2.jar;D:\apache-maven仓库\org\junit\jupiter\junit-jupiter-api\5.8.2\junit-jupiter-api-5.8.2.jar;D:\apache-maven仓库\org\opentest4j\opentest4j\1.2.0\opentest4j-1.2.0.jar;D:\apache-maven仓库\org\junit\platform\junit-platform-commons\1.8.2\junit-platform-commons-1.8.2.jar;D:\apache-maven仓库\org\apiguardian\apiguardian-api\1.1.2\apiguardian-api-1.1.2.jar;D:\apache-maven仓库\org\junit\jupiter\junit-jupiter-params\5.8.2\junit-jupiter-params-5.8.2.jar;D:\apache-maven仓库\org\junit\jupiter\junit-jupiter-engine\5.8.2\junit-jupiter-engine-5.8.2.jar;D:\apache-maven仓库\org\junit\platform\junit-platform-engine\1.8.2\junit-platform-engine-1.8.2.jar;D:\apache-maven仓库\org\mockito\mockito-core\4.5.1\mockito-core-4.5.1.jar;D:\apache-maven仓库\net\bytebuddy\byte-buddy\1.12.22\byte-buddy-1.12.22.jar;D:\apache-maven仓库\net\bytebuddy\byte-buddy-agent\1.12.22\byte-buddy-agent-1.12.22.jar;D:\apache-maven仓库\org\objenesis\objenesis\3.2\objenesis-3.2.jar;D:\apache-maven仓库\org\mockito\mockito-junit-jupiter\4.5.1\mockito-junit-jupiter-4.5.1.jar;D:\apache-maven仓库\org\skyscreamer\jsonassert\1.5.1\jsonassert-1.5.1.jar;D:\apache-maven仓库\com\vaadin\external\google\android-json\0.0.20131108.vaadin1\android-json-0.0.20131108.vaadin1.jar;D:\apache-maven仓库\org\springframework\spring-core\5.3.25\spring-core-5.3.25.jar;D:\apache-maven仓库\org\springframework\spring-jcl\5.3.25\spring-jcl-5.3.25.jar;D:\apache-maven仓库\org\springframework\spring-test\5.3.25\spring-test-5.3.25.jar;D:\apache-maven仓库\org\xmlunit\xmlunit-core\2.9.1\xmlunit-core-2.9.1.jar;D:\apache-maven仓库\com\fasterxml\jackson\dataformat\jackson-dataformat-xml\2.13.4\jackson-dataformat-xml-2.13.4.jar;D:\apache-maven仓库\com\fasterxml\jackson\core\jackson-core\2.13.4\jackson-core-2.13.4.jar;D:\apache-maven仓库\com\fasterxml\jackson\core\jackson-annotations\2.13.4\jackson-annotations-2.13.4.jar;D:\apache-maven仓库\com\fasterxml\jackson\core\jackson-databind\2.13.4.2\jackson-databind-2.13.4.2.jar;D:\apache-maven仓库\org\codehaus\woodstox\stax2-api\4.2.1\stax2-api-4.2.1.jar;D:\apache-maven仓库\com\fasterxml\woodstox\woodstox-core\6.3.1\woodstox-core-6.3.1.jar;D:\apache-maven仓库\org\springframework\boot\spring-boot-starter-thymeleaf\2.7.8\spring-boot-starter-thymeleaf-2.7.8.jar;D:\apache-maven仓库\org\thymeleaf\thymeleaf-spring5\3.0.15.RELEASE\thymeleaf-spring5-3.0.15.RELEASE.jar;D:\apache-maven仓库\org\thymeleaf\thymeleaf\3.0.15.RELEASE\thymeleaf-3.0.15.RELEASE.jar;D:\apache-maven仓库\org\attoparser\attoparser\2.0.5.RELEASE\attoparser-2.0.5.RELEASE.jar;D:\apache-maven仓库\org\unbescape\unbescape\1.1.6.RELEASE\unbescape-1.1.6.RELEASE.jar;D:\apache-maven仓库\org\thymeleaf\extras\thymeleaf-extras-java8time\3.0.4.RELEASE\thymeleaf-extras-java8time-3.0.4.RELEASE.jar;"/>
    <property name="sun.cpu.endian" value="little"/>
    <property name="user.home" value="C:\Users\流水"/>
    <property name="user.language" value="zh"/>
    <property name="java.specification.vendor" value="Oracle Corporation"/>
    <property name="java.home" value="C:\Users\流水\.jdks\corretto-1.8.0_322\jre"/>
    <property name="basedir" value="D:\Java项目\springboot2"/>
    <property name="file.separator" value="\"/>
    <property name="line.separator" value="&#10;"/>
    <property name="java.vm.specification.vendor" value="Oracle Corporation"/>
    <property name="java.specification.name" value="Java Platform API Specification"/>
    <property name="java.awt.graphicsenv" value="sun.awt.Win32GraphicsEnvironment"/>
    <property name="surefire.real.class.path" value="C:\Users\流水\AppData\Local\Temp\surefire8278420380805412747\surefirebooter3591323255035063020.jar"/>
    <property name="sun.boot.class.path" value="C:\Users\流水\.jdks\corretto-1.8.0_322\jre\lib\resources.jar;C:\Users\流水\.jdks\corretto-1.8.0_322\jre\lib\rt.jar;C:\Users\流水\.jdks\corretto-1.8.0_322\jre\lib\sunrsasign.jar;C:\Users\流水\.jdks\corretto-1.8.0_322\jre\lib\jsse.jar;C:\Users\流水\.jdks\corretto-1.8.0_322\jre\lib\jce.jar;C:\Users\流水\.jdks\corretto-1.8.0_322\jre\lib\charsets.jar;C:\Users\流水\.jdks\corretto-1.8.0_322\jre\lib\jfr.jar;C:\Users\流水\.jdks\corretto-1.8.0_322\jre\classes"/>
    <property name="user.script" value=""/>
    <property name="sun.management.compiler" value="HotSpot 64-Bit Tiered Compilers"/>
    <property name="java.runtime.version" value="1.8.0_322-b06"/>
    <property name="user.name" value="流水"/>
    <property name="path.separator" value=";"/>
    <property name="os.version" value="10.0"/>
    <property name="java.endorsed.dirs" value="C:\Users\流水\.jdks\corretto-1.8.0_322\jre\lib\endorsed"/>
    <property name="java.runtime.name" value="OpenJDK Runtime Environment"/>
    <property name="file.encoding" value="GBK"/>
    <property name="java.vm.name" value="OpenJDK 64-Bit Server VM"/>
    <property name="localRepository" value="D:\apache-maven仓库"/>
    <property name="java.vendor.url.bug" value="https://github.com/corretto/corretto-8/issues/"/>
    <property name="java.io.tmpdir" value="C:\Users\流水\AppData\Local\Temp\"/>
    <property name="idea.version" value="2021.2.3"/>
    <property name="java.version" value="1.8.0_322"/>
    <property name="user.dir" value="D:\Java项目\springboot2"/>
    <property name="os.arch" value="amd64"/>
    <property name="java.vm.specification.name" value="Java Virtual Machine Specification"/>
    <property name="java.awt.printerjob" value="sun.awt.windows.WPrinterJob"/>
    <property name="sun.os.patch.level" value=""/>
    <property name="java.library.path" value="C:\Users\流水\.jdks\corretto-1.8.0_322\jre\bin;C:\WINDOWS\Sun\Java\bin;C:\WINDOWS\system32;C:\WINDOWS;D:\anaconda;D:\anaconda\Library\mingw-w64\bin;D:\anaconda\Library\usr\bin;D:\anaconda\Library\bin;D:\anaconda\Scripts;D:\VMware\bin\;D:\java\bin;D:\emqx\bin;C:\Program Files\Common Files\Oracle\Java\javapath;C:\Windows\system32;C:\Windows;C:\Windows\System32\Wbem;C:\Windows\System32\WindowsPowerShell\v1.0\;C:\Windows\System32\OpenSSH\;C:\Program Files (x86)\NVIDIA Corporation\PhysX\Common;C:\WINDOWS\system32;C:\WINDOWS;C:\WINDOWS\System32\Wbem;C:\WINDOWS\System32\WindowsPowerShell\v1.0\;C:\WINDOWS\System32\OpenSSH\;C:\Program Files\dotnet\;D:\java\bin;D:\java\jre\bin;D:\apache-tomcat-9.0.56\bin;D:\apache-tomcat-9.0.56\lib;D:\apache-maven-3.8.4\bin;D:\ASsdk\platform-tools;D:\ASsdk\tools;D:\;D:\xftp\;D:\xshell\;C:\Program Files\MySQL\MySQL Shell 8.0\bin\;C:\Users\流水\AppData\Local\Microsoft\WindowsApps;D:\Microsoft VS Code\bin;C:\Users\流水\.dotnet\tools;C:\Users\流水\AppData\Roaming\npm;D:\cpolar\;."/>
    <property name="java.vm.info" value="mixed mode"/>
    <property name="java.vendor" value="Amazon.com Inc."/>
    <property name="java.vm.version" value="25.322-b06"/>
    <property name="java.ext.dirs" value="C:\Users\流水\.jdks\corretto-1.8.0_322\jre\lib\ext;C:\WINDOWS\Sun\Java\lib\ext"/>
    <property name="sun.io.unicode.encoding" value="UnicodeLittle"/>
    <property name="java.class.version" value="52.0"/>
  </properties>
  <testcase name="timeOut" classname="com.example.springboot2.Junit5Test" time="0.023"/>
  <testcase name="wll" classname="com.example.springboot2.Junit5Test" time="0.021">
    <failure message="断言测试 (1 failure)&#10;	org.opentest4j.AssertionFailedError: 字符串不相等 ==&gt; expected: &lt;123&gt; but was: &lt;13&gt;" type="org.opentest4j.MultipleFailuresError"><![CDATA[org.opentest4j.MultipleFailuresError: 
断言测试 (1 failure)
	org.opentest4j.AssertionFailedError: 字符串不相等 ==> expected: <123> but was: <13>
	at com.example.springboot2.Junit5Test.wll(Junit5Test.java:20)
]]></failure>
  </testcase>
  <testcase name="test2" classname="com.example.springboot2.Junit5Test" time="0.001">
    <failure message="业务逻辑计算失败 ==&gt; expected: &lt;4&gt; but was: &lt;5&gt;" type="org.opentest4j.AssertionFailedError"><![CDATA[org.opentest4j.AssertionFailedError: 业务逻辑计算失败 ==> expected: <4> but was: <5>
	at com.example.springboot2.Junit5Test.test2(Junit5Test.java:29)
]]></failure>
  </testcase>
  <testcase name="junittest" classname="com.example.springboot2.Junit5Test" time="0.002"/>
</testsuite>